Traceback (most recent call last):
  File "C:\Users\khush\OneDrive\Desktop\SmartCommerceAI\backend\app\dynamic_pricing_model.py", line 16, in <module>
    df = pd.read_csv("./data/Dataset.csv")
         ^^^^^^^^^^^^^^^^^^^^^^^^^^^^^^^^^
  File "C:\Users\khush\AppData\Roaming\Python\Python312\site-packages\pandas\io\parsers\readers.py", line 873, in read_csv
    return _read(filepath_or_buffer, kwds)
           ^^^^^^^^^^^^^^^^^^^^^^^^^^^^^^^
  File "C:\Users\khush\AppData\Roaming\Python\Python312\site-packages\pandas\io\parsers\readers.py", line 300, in _read
    parser = TextFileReader(filepath_or_buffer, **kwds)
             ^^^^^^^^^^^^^^^^^^^^^^^^^^^^^^^^^^^^^^^^^^
  File "C:\Users\khush\AppData\Roaming\Python\Python312\site-packages\pandas\io\parsers\readers.py", line 1645, in __init__
    self._engine = self._make_engine(f, self.engine)
                   ^^^^^^^^^^^^^^^^^^^^^^^^^^^^^^^^^
  File "C:\Users\khush\AppData\Roaming\Python\Python312\site-packages\pandas\io\parsers\readers.py", line 1904, in _make_engine
    self.handles = get_handle(
                   ^^^^^^^^^^^
  File "C:\Users\khush\AppData\Roaming\Python\Python312\site-packages\pandas\io\common.py", line 926, in get_handle
    handle = open(
             ^^^^^
FileNotFoundError: [Errno 2] No such file or directory: './data/Dataset.csv'
